Traceback (most recent call last):
  File "D:\Ahmad\Programming\Reboot the eart\heat_risk\heat_stress_app.py", line 17, in <module>
    print("\u2713 Heat stress model loaded successfully!")
  File "C:\Users\naveed\AppData\Local\Programs\Python\Python310\lib\encodings\cp1252.py", line 19, in encode
    return codecs.charmap_encode(input,self.errors,encoding_table)[0]
UnicodeEncodeError: 'charmap' codec can't encode character '\u2713' in position 0: character maps to <undefined>

During handling of the above exception, another exception occurred:

Traceback (most recent call last):
  File "D:\Ahmad\Programming\Reboot the eart\heat_risk\heat_stress_app.py", line 19, in <module>
    print(f"\u274c Error loading model: {e}")
  File "C:\Users\naveed\AppData\Local\Programs\Python\Python310\lib\encodings\cp1252.py", line 19, in encode
    return codecs.charmap_encode(input,self.errors,encoding_table)[0]
UnicodeEncodeError: 'charmap' codec can't encode character '\u274c' in position 0: character maps to <undefined>
Traceback (most recent call last):
  File "D:\Ahmad\Programming\Reboot the eart\heat_risk\heat_stress_app.py", line 17, in <module>
    print("\u2713 Heat stress model loaded successfully!")
  File "C:\Users\naveed\AppData\Local\Programs\Python\Python310\lib\encodings\cp1252.py", line 19, in encode
    return codecs.charmap_encode(input,self.errors,encoding_table)[0]
UnicodeEncodeError: 'charmap' codec can't encode character '\u2713' in position 0: character maps to <undefined>

During handling of the above exception, another exception occurred:

Traceback (most recent call last):
  File "D:\Ahmad\Programming\Reboot the eart\heat_risk\heat_stress_app.py", line 19, in <module>
    print(f"\u274c Error loading model: {e}")
  File "C:\Users\naveed\AppData\Local\Programs\Python\Python310\lib\encodings\cp1252.py", line 19, in encode
    return codecs.charmap_encode(input,self.errors,encoding_table)[0]
UnicodeEncodeError: 'charmap' codec can't encode character '\u274c' in position 0: character maps to <undefined>
Traceback (most recent call last):
  File "D:\Ahmad\Programming\Reboot the eart\heat_risk\heat_stress_app.py", line 17, in <module>
    print("\u2713 Heat stress model loaded successfully!")
  File "C:\Users\naveed\AppData\Local\Programs\Python\Python310\lib\encodings\cp1252.py", line 19, in encode
    return codecs.charmap_encode(input,self.errors,encoding_table)[0]
UnicodeEncodeError: 'charmap' codec can't encode character '\u2713' in position 0: character maps to <undefined>

During handling of the above exception, another exception occurred:

Traceback (most recent call last):
  File "D:\Ahmad\Programming\Reboot the eart\heat_risk\heat_stress_app.py", line 19, in <module>
    print(f"\u274c Error loading model: {e}")
  File "C:\Users\naveed\AppData\Local\Programs\Python\Python310\lib\encodings\cp1252.py", line 19, in encode
    return codecs.charmap_encode(input,self.errors,encoding_table)[0]
UnicodeEncodeError: 'charmap' codec can't encode character '\u274c' in position 0: character maps to <undefined>
Traceback (most recent call last):
  File "D:\Ahmad\Programming\Reboot the eart\heat_risk\heat_stress_app.py", line 17, in <module>
    print("\u2713 Heat stress model loaded successfully!")
  File "C:\Users\naveed\AppData\Local\Programs\Python\Python310\lib\encodings\cp1252.py", line 19, in encode
    return codecs.charmap_encode(input,self.errors,encoding_table)[0]
UnicodeEncodeError: 'charmap' codec can't encode character '\u2713' in position 0: character maps to <undefined>

During handling of the above exception, another exception occurred:

Traceback (most recent call last):
  File "D:\Ahmad\Programming\Reboot the eart\heat_risk\heat_stress_app.py", line 19, in <module>
    print(f"\u274c Error loading model: {e}")
  File "C:\Users\naveed\AppData\Local\Programs\Python\Python310\lib\encodings\cp1252.py", line 19, in encode
    return codecs.charmap_encode(input,self.errors,encoding_table)[0]
UnicodeEncodeError: 'charmap' codec can't encode character '\u274c' in position 0: character maps to <undefined>
